<?xml version="1.0" encoding="UTF-8"?>
<testng-results ignored="0" total="1" passed="1" failed="0" skipped="0">
  <reporter-output>
  </reporter-output>
  <suite started-at="2024-09-12T23:47:16 IST" name="Default suite" finished-at="2024-09-12T23:47:22 IST" duration-ms="6540">
    <groups>
    </groups>
    <test started-at="2024-09-12T23:47:16 IST" name="Default test" finished-at="2024-09-12T23:47:22 IST" duration-ms="6540">
      <class name="Script.LoginE2eCase">
        <test-method is-config="true" signature="setup()[pri:0, instance:Script.LoginE2eCase@1165b38]" started-at="2024-09-12T23:47:16 IST" name="setup" finished-at="2024-09-12T23:47:21 IST" duration-ms="5196" status="PASS">
          <reporter-output>
          </reporter-output>
        </test-method> <!-- setup -->
        <test-method signature="loginAndLogout()[pri:0, instance:Script.LoginE2eCase@1165b38]" started-at="2024-09-12T23:47:21 IST" name="loginAndLogout" finished-at="2024-09-12T23:47:22 IST" duration-ms="999" status="PASS">
          <reporter-output>
          </reporter-output>
        </test-method> <!-- loginAndLogout -->
        <test-method is-config="true" signature="closeBrowser()[pri:0, instance:Script.LoginE2eCase@1165b38]" started-at="2024-09-12T23:47:22 IST" name="closeBrowser" finished-at="2024-09-12T23:47:22 IST" duration-ms="300" status="PASS">
          <reporter-output>
          </reporter-output>
        </test-method> <!-- closeBrowser -->
      </class> <!-- Script.LoginE2eCase -->
    </test> <!-- Default test -->
  </suite> <!-- Default suite -->
</testng-results>
